[2017-06-01 13:22:32]	..\..\\Data\NLPIR.user Not valid license or your license expired! Please feel free to contact pipy_zhang@msn.com! 
[2017-06-01 13:22:37]	../../\Data\NLPIR.user Not valid license or your license expired! Please feel free to contact pipy_zhang@msn.com! 
[2017-06-01 14:09:19]	D:\dll\Data\NLPIR.user Not valid license or your license expired! Please feel free to contact pipy_zhang@msn.com! 
[2017-06-01 14:18:17]	Cannot open file 
[2017-06-01 14:18:17]	D:\dll\Data\KeyBlackList.pdat
[2017-06-01 14:18:18]	Error read file
[2017-06-01 14:18:18]	test/18½ìÈýÖÐÈ«»á.TXTvokeVoid
[2017-06-01 14:31:03]	Cannot open file 
[2017-06-01 14:31:03]	D:\dll\Data\KeyBlackList.pdat
[2017-06-01 14:31:03]	Error read file
[2017-06-01 14:31:03]	test/18½ìÈýÖÐÈ«»á.TXTvokeVoid
[2017-06-01 14:38:48]	Cannot open file 
[2017-06-01 14:38:48]	D:\dll\Data\KeyBlackList.pdat
[2017-06-01 14:38:48]	Error read file
[2017-06-01 14:38:48]	test/18½ìÈýÖÐÈ«»á.TXTvokeVoid
[2017-06-01 14:45:26]	Cannot open file 
[2017-06-01 14:45:26]	D:\dll\Data\KeyBlackList.pdat
[2017-06-01 14:45:26]	Error read file
[2017-06-01 14:45:26]	test/18½ìÈýÖÐÈ«»á.TXTvokeVoid
[2017-06-01 14:54:31]	Cannot open file 
[2017-06-01 14:54:31]	D:\dll\Data\KeyBlackList.pdat
[2017-06-01 14:54:31]	Error read file
[2017-06-01 14:54:31]	test/18½ìÈýÖÐÈ«»á.TXTvokeVoid
[2017-06-01 14:55:27]	Cannot open file 
[2017-06-01 14:55:27]	D:\dll\Data\KeyBlackList.pdat
[2017-06-01 14:55:27]	Error read file
[2017-06-01 14:55:27]	test/18½ìÈýÖÐÈ«»á.TXTvokeVoid
[2017-06-01 14:58:32]	Cannot open file 
[2017-06-01 14:58:32]	F:\myWorkSpace\java\NLPIRTest\Data\KeyBlackList.pdat
[2017-06-01 14:58:32]	Error read file
[2017-06-01 14:58:32]	test/18½ìÈýÖÐÈ«»á.TXTvokeVoid
[2017-06-01 15:07:45]	Cannot open file 
[2017-06-01 15:07:45]	F:\myWorkSpace\java\NLPIRTest\Data\KeyBlackList.pdat
[2017-06-01 15:07:45]	Error read file
[2017-06-01 15:07:45]	test/18½ìÈýÖÐÈ«»á.TXTvokeVoid
[2017-06-01 15:17:11]	Cannot open file 
[2017-06-01 15:17:11]	F:\myWorkSpace\java\NLPIRTest\Data\KeyBlackList.pdat
[2017-06-01 15:17:11]	Error read file
[2017-06-01 15:17:11]	D:\3.txt0^^ók$¢^^
[2017-06-01 15:17:23]	Cannot open file 
[2017-06-01 15:17:23]	F:\myWorkSpace\java\NLPIRTest\Data\KeyBlackList.pdat
[2017-06-01 15:17:23]	Error read file
[2017-06-01 15:17:23]	D:\3.txtwL^^š^^d^^ü^^
[2017-06-01 15:17:54]	Cannot open file 
[2017-06-01 15:17:54]	F:\myWorkSpace\java\NLPIRTest\Data\KeyBlackList.pdat
[2017-06-01 15:17:54]	Error read file
[2017-06-01 15:17:54]	D:\3.txtu
[2017-06-01 15:20:06]	Cannot open file 
[2017-06-01 15:20:06]	F:\myWorkSpace\java\NLPIRTest\Data\KeyBlackList.pdat
[2017-06-01 15:20:06]	Error read file
[2017-06-01 15:20:06]	D:\3.txtP^^»¿^^b
[2017-06-01 15:22:23]	Cannot open file 
[2017-06-01 15:22:23]	F:\myWorkSpace\java\NLPIRTest\Data\KeyBlackList.pdat
[2017-06-01 15:22:23]	Error read file
[2017-06-01 15:22:23]	D:\3.txt^^Ïôfj^^
[2017-06-01 15:24:48]	Cannot open file 
[2017-06-01 15:24:48]	F:\myWorkSpace\java\NLPIRTest\Data\KeyBlackList.pdat
[2017-06-01 15:24:48]	Error read file
[2017-06-01 15:24:48]	D:\3.txtv^^°^^
[2017-06-01 15:27:40]	Cannot open file 
[2017-06-01 15:27:40]	F:\myWorkSpace\java\NLPIRTest\Data\KeyBlackList.pdat
[2017-06-01 15:27:40]	Error read file
[2017-06-01 15:27:40]	D:\3.txtG;LF
[2017-06-01 16:00:38]	Cannot open file 
[2017-06-01 16:00:38]	F:\myWorkSpace\java\NaviveTest2\Data\KeyBlackList.pdat
[2017-06-01 16:03:31]	Cannot open file 
[2017-06-01 16:03:31]	F:\myWorkSpace\java\NaviveTest2\Data\KeyBlackList.pdat
[2017-06-01 16:04:04]	Cannot open file 
[2017-06-01 16:04:04]	F:\myWorkSpace\java\NaviveTest2\Data\KeyBlackList.pdat
[2017-06-01 16:05:21]	Cannot open file 
[2017-06-01 16:05:21]	F:\myWorkSpace\java\NaviveTest2\Data\KeyBlackList.pdat
[2017-06-01 16:46:31]	Cannot open file 
[2017-06-01 16:46:31]	F:\myWorkSpace\java\NaviveTest2\Data\KeyBlackList.pdat
[2017-06-01 18:05:22]	Cannot open file 
[2017-06-01 18:05:22]	F:\myWorkSpace\java\NaviveTest2\Data\KeyBlackList.pdat
[2017-06-01 18:09:15]	Cannot open file 
[2017-06-01 18:09:15]	F:\myWorkSpace\java\NaviveTest2\Data\KeyBlackList.pdat
[2017-06-01 18:25:20]	Cannot open file 
[2017-06-01 18:25:20]	F:\myWorkSpace\java\NaviveTest2\Data\KeyBlackList.pdat
[2017-06-01 18:27:23]	Cannot open file 
[2017-06-01 18:27:23]	F:\myWorkSpace\java\NaviveTest2\Data\KeyBlackList.pdat
[2017-06-01 18:31:11]	Cannot open file 
[2017-06-01 18:31:11]	F:\myWorkSpace\java\NaviveTest2\Data\KeyBlackList.pdat
[2017-06-01 18:32:49]	Cannot open file 
[2017-06-01 18:32:49]	F:\myWorkSpace\java\NaviveTest2\Data\KeyBlackList.pdat
[2017-06-01 18:33:08]	Cannot open file 
[2017-06-01 18:33:08]	F:\myWorkSpace\java\NaviveTest2\Data\KeyBlackList.pdat
[2017-06-01 20:36:37]	Cannot open file 
[2017-06-01 20:36:37]	F:\myWorkSpace\java\NaviveTest2\Data\KeyBlackList.pdat
[2017-06-01 21:51:42]	Cannot open file 
[2017-06-01 21:51:42]	F:\myWorkSpace\java\NaviveTest2\Data\KeyBlackList.pdat
[2017-06-01 21:52:39]	Cannot open file 
[2017-06-01 21:52:39]	F:\myWorkSpace\java\NaviveTest2\Data\KeyBlackList.pdat
[2017-06-01 21:53:38]	Cannot open file 
[2017-06-01 21:53:38]	F:\myWorkSpace\java\NaviveTest2\Data\KeyBlackList.pdat
[2017-06-01 21:56:10]	Cannot open file 
[2017-06-01 21:56:10]	F:\myWorkSpace\java\NaviveTest2\Data\KeyBlackList.pdat
[2017-06-01 21:59:09]	Cannot open file 
[2017-06-01 21:59:09]	F:\myWorkSpace\java\NaviveTest2\Data\KeyBlackList.pdat
[2017-06-01 22:00:02]	Cannot open file 
[2017-06-01 22:00:02]	F:\myWorkSpace\java\NaviveTest2\Data\KeyBlackList.pdat
[2017-06-01 22:01:01]	Cannot open file 
[2017-06-01 22:01:01]	F:\myWorkSpace\java\NaviveTest2\Data\KeyBlackList.pdat
[2017-06-01 22:04:41]	Cannot open file 
[2017-06-01 22:04:41]	F:\myWorkSpace\java\NaviveTest2\Data\KeyBlackList.pdat
[2017-06-01 22:06:35]	Cannot open file 
[2017-06-01 22:06:35]	F:\myWorkSpace\java\NaviveTest2\Data\KeyBlackList.pdat
[2017-06-01 22:07:19]	Cannot open file 
[2017-06-01 22:07:19]	F:\myWorkSpace\java\NaviveTest2\Data\KeyBlackList.pdat
[2017-06-01 22:09:01]	Cannot open file 
[2017-06-01 22:09:01]	F:\myWorkSpace\java\NaviveTest2\Data\KeyBlackList.pdat
[2017-06-01 22:10:06]	Cannot open file 
[2017-06-01 22:10:06]	F:\myWorkSpace\java\NaviveTest2\Data\KeyBlackList.pdat
[2017-06-01 22:10:25]	Cannot open file 
[2017-06-01 22:10:25]	F:\myWorkSpace\java\NaviveTest2\Data\KeyBlackList.pdat
[2017-06-01 22:10:56]	Cannot open file 
[2017-06-01 22:10:56]	F:\myWorkSpace\java\NaviveTest2\Data\KeyBlackList.pdat
[2017-06-01 22:12:01]	Cannot open file 
[2017-06-01 22:12:01]	F:\myWorkSpace\java\NaviveTest2\Data\KeyBlackList.pdat
[2017-06-01 22:13:10]	Cannot open file 
[2017-06-01 22:13:10]	F:\myWorkSpace\java\NaviveTest2\Data\KeyBlackList.pdat
[2017-06-01 22:14:55]	Cannot open file 
[2017-06-01 22:14:55]	F:\myWorkSpace\java\NaviveTest2\Data\KeyBlackList.pdat
[2017-06-01 22:16:07]	Cannot open file 
[2017-06-01 22:16:07]	F:\myWorkSpace\java\NaviveTest2\Data\KeyBlackList.pdat
